<?xml version="1.0" encoding="UTF-8"?>
<testsuite xmlns:xsi="http://www.w3.org/2001/XMLSchema-instance" xsi:noNamespaceSchemaLocation="https://maven.apache.org/surefire/maven-surefire-plugin/xsd/surefire-test-report.xsd" name="tn.esprit.spring.service.UserServiceImplTest" time="0.133" tests="5" errors="1" skipped="0" failures="1">
  <properties>
[...]
</properties>
  <testcase name="testAddUser" classname="tn.esprit.spring.service.UserServiceImplTest" time="0.025"/>
  <testcase name="testRetrieveAllUsers" classname="tn.esprit.spring.service.UserServiceImplTest" time="0.022">
    <failure message="expected:&lt;15&gt; but was:&lt;1&gt;" type="java.lang.AssertionError"><![CDATA[java.lang.AssertionError: expected:<15> but was:<1>
	at tn.esprit.spring.service.UserServiceImplTest.testRetrieveAllUsers(UserServiceImplTest.java:32)
]]></failure>
    <system-out><![CDATA[2021-10-23 16:42:44 - INFO  - tn.esprit.spring.services.UserServiceImpl - In retrieveAllUsers() : 
Hibernate: select user0_.id as id1_6_, user0_.date_naissance as date_nai2_6_, user0_.first_name as first_na3_6_, user0_.last_name as last_nam4_6_, user0_.role as role5_6_ from t_user user0_
2021-10-23 16:42:44 - INFO  - tn.esprit.spring.services.UserServiceImpl - Out of retrieveAllUsers() : 
]]></system-out>
  </testcase>
  <testcase name="testModifyUser" classname="tn.esprit.spring.service.UserServiceImplTest" time="0.04"/>
  <testcase name="testDeleteUser" classname="tn.esprit.spring.service.UserServiceImplTest" time="0.02">
    <error message="No class tn.esprit.spring.entities.User entity with id 3 exists!" type="org.springframework.dao.EmptyResultDataAccessException">org.springframework.dao.EmptyResultDataAccessException: No class tn.esprit.spring.entities.User entity with id 3 exists!
	at tn.esprit.spring.service.UserServiceImplTest.testDeleteUser(UserServiceImplTest.java:62)
</error>
    <system-out><![CDATA[Hibernate: select user0_.id as id1_6_0_, user0_.date_naissance as date_nai2_6_0_, user0_.first_name as first_na3_6_0_, user0_.last_name as last_nam4_6_0_, user0_.role as role5_6_0_ from t_user user0_ where user0_.id=?
]]></system-out>
  </testcase>
  <testcase name="testRetrieveUser" classname="tn.esprit.spring.service.UserServiceImplTest" time="0.017"/>
</testsuite>